<?xml version="1.0" encoding="UTF-8"?>
<testsuite name="com.kintsugi.worker.WorkerApplicationTests" tests="1" skipped="0" failures="0" errors="0" timestamp="2026-09-19T20:30:24.732Z" hostname="archlinux" time="2.361">
  <properties/>
  <testcase name="contextLoads()" classname="com.kintsugi.worker.WorkerApplicationTests" time="1.038"/>
  <system-out><![CDATA[23:30:24.830 [Test worker] INFO org.springframework.test.context.support.AnnotationConfigContextLoaderUtils -- Could not detect default configuration classes for test class [com.kintsugi.worker.WorkerApplicationTests]: WorkerApplicationTests does not declare any static, non-private, non-final, nested classes annotated with @Configuration.
23:30:24.888 [Test worker] INFO org.springframework.boot.test.context.SpringBootTestContextBootstrapper -- Found @SpringBootConfiguration com.kintsugi.worker.WorkerApplication for test class com.kintsugi.worker.WorkerApplicationTests
23:30:24.938 [Test worker] INFO org.springframework.test.context.support.AnnotationConfigContextLoaderUtils -- Could not detect default configuration classes for test class [com.kintsugi.worker.WorkerApplicationTests]: WorkerApplicationTests does not declare any static, non-private, non-final, nested classes annotated with @Configuration.
23:30:24.939 [Test worker] INFO org.springframework.boot.test.context.SpringBootTestContextBootstrapper -- Found @SpringBootConfiguration com.kintsugi.worker.WorkerApplication for test class com.kintsugi.worker.WorkerApplicationTests

  .   ____          _            __ _ _
 /\\ / ___'_ __ _ _(_)_ __  __ _ \ \ \ \
( ( )\___ | '_ | '_| | '_ \/ _` | \ \ \ \
 \\/  ___)| |_)| | | | | || (_| |  ) ) ) )
  '  |____| .__|_| |_|_| |_\__, | / / / /
 =========|_|==============|___/=/_/_/_/

 :: Spring Boot ::                (v4.1.1)

2026-09-19T23:30:25.165+03:00  INFO 56988 --- [worker] [    Test worker] c.k.worker.WorkerApplicationTests        : Starting WorkerApplicationTests using Java 21.0.12.1 with PID 56988 (started by radau in /home/radau/IdeaProjects/kintsugi-scheduler/worker)
2026-09-19T23:30:25.166+03:00  INFO 56988 --- [worker] [    Test worker] c.k.worker.WorkerApplicationTests        : No active profile set, falling back to 1 default profile: "default"
2026-09-19T23:30:25.975+03:00  INFO 56988 --- [worker] [    Test worker] o.s.b.a.e.web.EndpointLinksResolver      : Exposing 1 endpoint beneath base path '/actuator'
2026-09-19T23:30:26.005+03:00  INFO 56988 --- [worker] [    Test worker] c.k.worker.WorkerApplicationTests        : Started WorkerApplicationTests in 1.036 seconds (process running for 1.76)
]]></system-out>
  <system-err><![CDATA[Mockito is currently self-attaching to enable the inline-mock-maker. This will no longer work in future releases of the JDK. Please add Mockito as an agent to your build as described in Mockito's documentation: https://javadoc.io/doc/org.mockito/mockito-core/latest/org.mockito/org/mockito/Mockito.html#0.3
WARNING: A Java agent has been loaded dynamically (/home/radau/.gradle/caches/modules-2/files-2.1/net.bytebuddy/byte-buddy-agent/1.18.11/82212e5b3633e7a65fca8bec525762cfb6c9bae4/byte-buddy-agent-1.18.11.jar)
WARNING: If a serviceability tool is in use, please run with -XX:+EnableDynamicAgentLoading to hide this warning
WARNING: If a serviceability tool is not in use, please run with -Djdk.instrument.traceUsage for more information
WARNING: Dynamic loading of agents will be disallowed by default in a future release
]]></system-err>
</testsuite>
